<?xml version="1.0" encoding="UTF-8"?>
<!-- Generated by org.testng.reporters.JUnitReportReporter -->
<testsuite hostname="LAPTOP-PL64QS0V" failures="0" tests="3" name="testClasses.HomePageTestClass" time="23.706" errors="0" timestamp="2025-01-03T16:07:13 IST" skipped="0">
  <testcase classname="testClasses.HomePageTestClass" name="verifyAllTilesDisplayedOnHomePage" time="7.846"/>
  <testcase classname="testClasses.HomePageTestClass" name="verifySuccessfulSignOut" time="8.917"/>
  <testcase classname="testClasses.HomePageTestClass" name="verifyTheTooltip_Calculator_isShowingWhileHoveringTheMouseOnCalculator" time="6.943"/>
</testsuite> <!-- testClasses.HomePageTestClass -->
