<?xml version="1.0" encoding="UTF-8"?>
<!-- Generated by org.testng.reporters.JUnitReportReporter -->
<testsuite hostname="LAPTOP-PL64QS0V" failures="0" tests="2" name="testClasses.ManageUserTestClass" time="25.647" errors="0" timestamp="2025-01-03T16:07:13 IST" skipped="0">
  <testcase classname="testClasses.ManageUserTestClass" name="verifyTheManageUsersPageIsOpenWhileClickingOnUsers" time="10.064"/>
  <testcase classname="testClasses.ManageUserTestClass" name="verifyToAdd_aNewUser" time="15.583"/>
</testsuite> <!-- testClasses.ManageUserTestClass -->
