<?xml version="1.0" encoding="UTF-8"?>
<!-- Generated by org.testng.reporters.JUnitReportReporter -->
<testsuite hostname="LAPTOP-PL64QS0V" failures="0" tests="4" name="testClasses.ManageUserTestClass" time="49.807" errors="0" timestamp="2025-01-03T15:58:21 IST" skipped="0">
  <testcase classname="testClasses.ManageUserTestClass" name="verifyTheManageUsersPageIsOpenWhileClickingOnUsers" time="8.308"/>
  <testcase classname="testClasses.ManageUserTestClass" name="verifyTheManageUsersPageIsOpenWhileClickingOnUsers" time="12.397"/>
  <testcase classname="testClasses.ManageUserTestClass" name="verifyToAdd_aNewUser" time="14.358"/>
  <testcase classname="testClasses.ManageUserTestClass" name="verifyToAdd_aNewUser" time="14.744"/>
</testsuite> <!-- testClasses.ManageUserTestClass -->
